<?xml version="1.0" encoding="UTF-8"?>
<!-- Generated by org.testng.reporters.JUnitXMLReporter -->
<testsuite hostname="Vikram-PC" ignored="0" name="RegistrationCycleTest" tests="3" failures="1" timestamp="20 Mar 2019 23:18:03 GMT" time="11.585" errors="0">
  <testcase name="userRegistration" time="2.733" classname="com.imbb.testCases.TC01_RegistrationCycleTest">
    <failure type="java.lang.AssertionError">
      <![CDATA[java.lang.AssertionError: 
at com.imbb.testCases.TC01_RegistrationCycleTest.userRegistration(TC01_RegistrationCycleTest.java:48)
... Removed 28 stack frames]]>
    </failure>
  </testcase> <!-- userRegistration -->
  <testcase name="gmailUserActivate" time="0.0" classname="com.imbb.testCases.TC01_RegistrationCycleTest">
    <skipped/>
  </testcase> <!-- gmailUserActivate -->
  <testcase name="uploadPicture" time="0.0" classname="com.imbb.testCases.TC02_UploadLogoTest">
    <skipped/>
  </testcase> <!-- uploadPicture -->
</testsuite> <!-- RegistrationCycleTest -->
